Traceback (most recent call last):
  File "/opt/homebrew/lib/python3.10/site-packages/jupyter_cache/executors/utils.py", line 51, in single_nb_execution
    executenb(
  File "/opt/homebrew/lib/python3.10/site-packages/nbclient/client.py", line 1204, in execute
    return NotebookClient(nb=nb, resources=resources, km=km, **kwargs).execute()
  File "/opt/homebrew/lib/python3.10/site-packages/nbclient/util.py", line 84, in wrapped
    return just_run(coro(*args, **kwargs))
  File "/opt/homebrew/lib/python3.10/site-packages/nbclient/util.py", line 62, in just_run
    return loop.run_until_complete(coro)
  File "/opt/homebrew/Cellar/python@3.10/3.10.8/Frameworks/Python.framework/Versions/3.10/lib/python3.10/asyncio/base_events.py", line 649, in run_until_complete
    return future.result()
  File "/opt/homebrew/lib/python3.10/site-packages/nbclient/client.py", line 663, in async_execute
    await self.async_execute_cell(
  File "/opt/homebrew/lib/python3.10/site-packages/nbclient/client.py", line 965, in async_execute_cell
    await self._check_raise_for_error(cell, cell_index, exec_reply)
  File "/opt/homebrew/lib/python3.10/site-packages/nbclient/client.py", line 862, in _check_raise_for_error
    raise CellExecutionError.from_cell_and_msg(cell, exec_reply_content)
nbclient.exceptions.CellExecutionError: An error occurred while executing the following cell:
------------------
# Fit Contextualized GAMs.
cgam = ContextualGAMClassifier(num_archetypes=X_train.shape[1], 
                                encoder_kwargs={'width': 4, 'layers': 2},
                               encoder_link_fn='linear',
                                alpha=1e-1, val_split=0.2, learning_rate=1e-3, n_bootstraps=3)
cgam.fit(C_train.values, X_train.values, Y_train.values)
------------------

[0;31m---------------------------------------------------------------------------[0m
[0;31mKeyError[0m                                  Traceback (most recent call last)
Cell [0;32mIn [4], line 2[0m
[1;32m      1[0m [38;5;66;03m# Fit Contextualized GAMs.[39;00m
[0;32m----> 2[0m cgam [38;5;241m=[39m [43mContextualGAMClassifier[49m[43m([49m[43mnum_archetypes[49m[38;5;241;43m=[39;49m[43mX_train[49m[38;5;241;43m.[39;49m[43mshape[49m[43m[[49m[38;5;241;43m1[39;49m[43m][49m[43m,[49m[43m [49m
[1;32m      3[0m [43m                                [49m[43mencoder_kwargs[49m[38;5;241;43m=[39;49m[43m{[49m[38;5;124;43m'[39;49m[38;5;124;43mwidth[39;49m[38;5;124;43m'[39;49m[43m:[49m[43m [49m[38;5;241;43m4[39;49m[43m,[49m[43m [49m[38;5;124;43m'[39;49m[38;5;124;43mlayers[39;49m[38;5;124;43m'[39;49m[43m:[49m[43m [49m[38;5;241;43m2[39;49m[43m}[49m[43m,[49m
[1;32m      4[0m [43m                               [49m[43mencoder_link_fn[49m[38;5;241;43m=[39;49m[38;5;124;43m'[39;49m[38;5;124;43mlinear[39;49m[38;5;124;43m'[39;49m[43m,[49m
[1;32m      5[0m [43m                                [49m[43malpha[49m[38;5;241;43m=[39;49m[38;5;241;43m1e-1[39;49m[43m,[49m[43m [49m[43mval_split[49m[38;5;241;43m=[39;49m[38;5;241;43m0.2[39;49m[43m,[49m[43m [49m[43mlearning_rate[49m[38;5;241;43m=[39;49m[38;5;241;43m1e-3[39;49m[43m,[49m[43m [49m[43mn_bootstraps[49m[38;5;241;43m=[39;49m[38;5;241;43m3[39;49m[43m)[49m
[1;32m      6[0m cgam[38;5;241m.[39mfit(C_train[38;5;241m.[39mvalues, X_train[38;5;241m.[39mvalues, Y_train[38;5;241m.[39mvalues)

File [0;32m~/Dropbox/Professional/Research/Libraries/Contextualized/contextualized/easy/ContextualGAM.py:17[0m, in [0;36mContextualGAMClassifier.__init__[0;34m(self, **kwargs)[0m
[1;32m     15[0m [38;5;28;01mdef[39;00m [38;5;21m__init__[39m([38;5;28mself[39m, [38;5;241m*[39m[38;5;241m*[39mkwargs):
[1;32m     16[0m     kwargs[[38;5;124m"[39m[38;5;124mencoder_type[39m[38;5;124m"[39m] [38;5;241m=[39m [38;5;124m"[39m[38;5;124mngam[39m[38;5;124m"[39m
[0;32m---> 17[0m     [38;5;28;43msuper[39;49m[43m([49m[43m)[49m[38;5;241;43m.[39;49m[38;5;21;43m__init__[39;49m[43m([49m[38;5;241;43m*[39;49m[38;5;241;43m*[39;49m[43mkwargs[49m[43m)[49m

File [0;32m~/Dropbox/Professional/Research/Libraries/Contextualized/contextualized/easy/ContextualizedClassifier.py:18[0m, in [0;36mContextualizedClassifier.__init__[0;34m(self, **kwargs)[0m
[1;32m     16[0m [38;5;28;01mdef[39;00m [38;5;21m__init__[39m([38;5;28mself[39m, [38;5;241m*[39m[38;5;241m*[39mkwargs):
[1;32m     17[0m     kwargs[[38;5;124m"[39m[38;5;124mlink_fn[39m[38;5;124m"[39m] [38;5;241m=[39m LINK_FUNCTIONS[[38;5;124m"[39m[38;5;124mlogistic[39m[38;5;124m"[39m]
[0;32m---> 18[0m     [38;5;28;43msuper[39;49m[43m([49m[43m)[49m[38;5;241;43m.[39;49m[38;5;21;43m__init__[39;49m[43m([49m[38;5;241;43m*[39;49m[38;5;241;43m*[39;49m[43mkwargs[49m[43m)[49m

File [0;32m~/Dropbox/Professional/Research/Libraries/Contextualized/contextualized/easy/ContextualizedRegressor.py:40[0m, in [0;36mContextualizedRegressor.__init__[0;34m(self, **kwargs)[0m
[1;32m     38[0m extra_data_kwargs [38;5;241m=[39m [[38;5;124m"[39m[38;5;124mY_val[39m[38;5;124m"[39m]
[1;32m     39[0m trainer_constructor [38;5;241m=[39m RegressionTrainer
[0;32m---> 40[0m [38;5;28;43msuper[39;49m[43m([49m[43m)[49m[38;5;241;43m.[39;49m[38;5;21;43m__init__[39;49m[43m([49m
[1;32m     41[0m [43m    [49m[43mconstructor[49m[43m,[49m
[1;32m     42[0m [43m    [49m[43mextra_model_kwargs[49m[43m,[49m
[1;32m     43[0m [43m    [49m[43mextra_data_kwargs[49m[43m,[49m
[1;32m     44[0m [43m    [49m[43mtrainer_constructor[49m[43m,[49m
[1;32m     45[0m [43m    [49m[38;5;241;43m*[39;49m[38;5;241;43m*[39;49m[43mkwargs[49m[43m,[49m
[1;32m     46[0m [43m[49m[43m)[49m

File [0;32m~/Dropbox/Professional/Research/Libraries/Contextualized/contextualized/easy/wrappers/SKLearnWrapper.py:99[0m, in [0;36mSKLearnWrapper.__init__[0;34m(self, base_constructor, extra_model_kwargs, extra_data_kwargs, trainer_constructor, **kwargs)[0m
[1;32m     92[0m [38;5;28mself[39m[38;5;241m.[39mconstructor_kwargs[[38;5;124m"[39m[38;5;124mencoder_kwargs[39m[38;5;124m"[39m][[38;5;124m"[39m[38;5;124mwidth[39m[38;5;124m"[39m] [38;5;241m=[39m kwargs[38;5;241m.[39mget(
[1;32m     93[0m     [38;5;124m"[39m[38;5;124mwidth[39m[38;5;124m"[39m, [38;5;28mself[39m[38;5;241m.[39mconstructor_kwargs[[38;5;124m"[39m[38;5;124mencoder_kwargs[39m[38;5;124m"[39m][[38;5;124m"[39m[38;5;124mwidth[39m[38;5;124m"[39m]
[1;32m     94[0m )
[1;32m     95[0m [38;5;28mself[39m[38;5;241m.[39mconstructor_kwargs[[38;5;124m"[39m[38;5;124mencoder_kwargs[39m[38;5;124m"[39m][[38;5;124m"[39m[38;5;124mlayers[39m[38;5;124m"[39m] [38;5;241m=[39m kwargs[38;5;241m.[39mget(
[1;32m     96[0m     [38;5;124m"[39m[38;5;124mlayers[39m[38;5;124m"[39m, [38;5;28mself[39m[38;5;241m.[39mconstructor_kwargs[[38;5;124m"[39m[38;5;124mencoder_kwargs[39m[38;5;124m"[39m][[38;5;124m"[39m[38;5;124mlayers[39m[38;5;124m"[39m]
[1;32m     97[0m )
[1;32m     98[0m [38;5;28mself[39m[38;5;241m.[39mconstructor_kwargs[[38;5;124m"[39m[38;5;124mencoder_kwargs[39m[38;5;124m"[39m][[38;5;124m"[39m[38;5;124mlink_fn[39m[38;5;124m"[39m] [38;5;241m=[39m kwargs[38;5;241m.[39mget(
[0;32m---> 99[0m     [38;5;124m"[39m[38;5;124mencoder_link_fn[39m[38;5;124m"[39m, [38;5;28;43mself[39;49m[38;5;241;43m.[39;49m[43mconstructor_kwargs[49m[43m[[49m[38;5;124;43m"[39;49m[38;5;124;43mencoder_kwargs[39;49m[38;5;124;43m"[39;49m[43m][49m[43m[[49m[38;5;124;43m"[39;49m[38;5;124;43mlink_fn[39;49m[38;5;124;43m"[39;49m[43m][49m
[1;32m    100[0m )
[1;32m    101[0m [38;5;28mself[39m[38;5;241m.[39mnot_constructor_kwargs [38;5;241m=[39m {
[1;32m    102[0m     k: v
[1;32m    103[0m     [38;5;28;01mfor[39;00m k, v [38;5;129;01min[39;00m kwargs[38;5;241m.[39mitems()
[1;32m    104[0m     [38;5;28;01mif[39;00m k [38;5;129;01mnot[39;00m [38;5;129;01min[39;00m [38;5;28mself[39m[38;5;241m.[39mconstructor_kwargs [38;5;129;01mand[39;00m k [38;5;129;01mnot[39;00m [38;5;129;01min[39;00m [38;5;28mself[39m[38;5;241m.[39mconvenience_kwargs
[1;32m    105[0m }
[1;32m    106[0m [38;5;66;03m# Add Predictor-Specific kwargs for parsing.[39;00m

[0;31mKeyError[0m: 'link_fn'
KeyError: 'link_fn'

